# JRE version: OpenJDK Runtime Environment (17.0.11) (build 17.0.11+0--11852314)
# Java VM: OpenJDK 64-Bit Server VM (17.0.11+0--11852314, mixed mode, tiered, compressed oops, compressed class ptrs, g1 gc, windows-amd64)
GC Precious Log:
 CPUs: 12 total, 12 available
 Memory: 15773M
 Large Page Support: Disabled
 NUMA Support: Disabled
 Compressed Oops: Enabled (32-bit)
 Heap Region Size: 1M
 Heap Min Capacity: 8M
 Heap Initial Capacity: 248M
 Heap Max Capacity: 2G
 Pre-touch: Disabled
 Parallel Workers: 10
 Concurrent Workers: 3
 Concurrent Refinement Workers: 10
 Periodic GC: Disabled
Heap:
 garbage-first heap   total 257024K, used 149203K [0x0000000080000000, 0x0000000100000000)
  region size 1024K, 5 young (5120K), 5 survivors (5120K)
 Metaspace       used 108753K, committed 109632K, reserved 1179648K
  class space    used 14904K, committed 15296K, reserved 1048576K
GC Heap History (20 events):
Event: 4.454 GC heap after
{Heap after GC invocations=29 (full 0):
 garbage-first heap   total 233472K, used 71513K [0x0000000080000000, 0x0000000100000000)
  region size 1024K, 4 young (4096K), 4 survivors (4096K)
 Metaspace       used 68196K, committed 68800K, reserved 1114112K
  class space    used 9299K, committed 9600K, reserved 1048576K
}
Event: 5.136 GC heap before
{Heap before GC invocations=30 (full 0):
 garbage-first heap   total 233472K, used 169817K [0x0000000080000000, 0x0000000100000000)
  region size 1024K, 96 young (98304K), 4 survivors (4096K)
 Metaspace       used 76954K, committed 77568K, reserved 1179648K
  class space    used 10491K, committed 10816K, reserved 1048576K
}
Event: 5.141 GC heap after
{Heap after GC invocations=31 (full 0):
 garbage-first heap   total 233472K, used 80856K [0x0000000080000000, 0x0000000100000000)
  region size 1024K, 9 young (9216K), 9 survivors (9216K)
 Metaspace       used 76954K, committed 77568K, reserved 1179648K
  class space    used 10491K, committed 10816K, reserved 1048576K
}
Event: 5.160 GC heap before
{Heap before GC invocations=31 (full 0):
 garbage-first heap   total 233472K, used 81880K [0x0000000080000000, 0x0000000100000000)
  region size 1024K, 11 young (11264K), 9 survivors (9216K)
 Metaspace       used 77192K, committed 77824K, reserved 1179648K
  class space    used 10519K, committed 10816K, reserved 1048576K
}
Event: 5.164 GC heap after
{Heap after GC invocations=32 (full 0):
 garbage-first heap   total 233472K, used 81510K [0x0000000080000000, 0x0000000100000000)
  region size 1024K, 2 young (2048K), 2 survivors (2048K)
 Metaspace       used 77192K, committed 77824K, reserved 1179648K
  class space    used 10519K, committed 10816K, reserved 1048576K
}
Event: 5.747 GC heap before
{Heap before GC invocations=32 (full 0):
 garbage-first heap   total 233472K, used 179814K [0x0000000080000000, 0x0000000100000000)
  region size 1024K, 98 young (100352K), 2 survivors (2048K)
 Metaspace       used 82410K, committed 83008K, reserved 1179648K
  class space    used 11242K, committed 11520K, reserved 1048576K
}
Event: 5.750 GC heap after
{Heap after GC invocations=33 (full 0):
 garbage-first heap   total 233472K, used 87164K [0x0000000080000000, 0x0000000100000000)
  region size 1024K, 7 young (7168K), 7 survivors (7168K)
 Metaspace       used 82410K, committed 83008K, reserved 1179648K
  class space    used 11242K, committed 11520K, reserved 1048576K
}
Event: 6.312 GC heap before
{Heap before GC invocations=33 (full 0):
 garbage-first heap   total 233472K, used 183420K [0x0000000080000000, 0x0000000100000000)
  region size 1024K, 100 young (102400K), 7 survivors (7168K)
 Metaspace       used 89038K, committed 89728K, reserved 1179648K
  class space    used 12379K, committed 12672K, reserved 1048576K
}
Event: 6.317 GC heap after
{Heap after GC invocations=34 (full 0):
 garbage-first heap   total 233472K, used 91019K [0x0000000080000000, 0x0000000100000000)
  region size 1024K, 11 young (11264K), 11 survivors (11264K)
 Metaspace       used 89038K, committed 89728K, reserved 1179648K
  class space    used 12379K, committed 12672K, reserved 1048576K
}
Event: 6.964 GC heap before
{Heap before GC invocations=34 (full 0):
 garbage-first heap   total 233472K, used 186251K [0x0000000080000000, 0x0000000100000000)
  region size 1024K, 104 young (106496K), 11 survivors (11264K)
 Metaspace       used 97086K, committed 97856K, reserved 1179648K
  class space    used 13540K, committed 13888K, reserved 1048576K
}
Event: 6.969 GC heap after
{Heap after GC invocations=35 (full 0):
 garbage-first heap   total 233472K, used 95841K [0x0000000080000000, 0x0000000100000000)
  region size 1024K, 9 young (9216K), 9 survivors (9216K)
 Metaspace       used 97086K, committed 97856K, reserved 1179648K
  class space    used 13540K, committed 13888K, reserved 1048576K
}
Event: 7.417 GC heap before
{Heap before GC invocations=35 (full 0):
 garbage-first heap   total 233472K, used 190049K [0x0000000080000000, 0x0000000100000000)
  region size 1024K, 101 young (103424K), 9 survivors (9216K)
 Metaspace       used 100818K, committed 101568K, reserved 1179648K
  class space    used 14170K, committed 14528K, reserved 1048576K
}
Event: 7.424 GC heap after
{Heap after GC invocations=36 (full 0):
 garbage-first heap   total 233472K, used 104142K [0x0000000080000000, 0x0000000100000000)
  region size 1024K, 13 young (13312K), 13 survivors (13312K)
 Metaspace       used 100818K, committed 101568K, reserved 1179648K
  class space    used 14170K, committed 14528K, reserved 1048576K
}
Event: 7.900 GC heap before
{Heap before GC invocations=36 (full 0):
 garbage-first heap   total 233472K, used 203470K [0x0000000080000000, 0x0000000100000000)
  region size 1024K, 97 young (99328K), 13 survivors (13312K)
 Metaspace       used 104337K, committed 105216K, reserved 1179648K
  class space    used 14495K, committed 14912K, reserved 1048576K
}
Event: 7.911 GC heap after
{Heap after GC invocations=37 (full 0):
 garbage-first heap   total 233472K, used 119153K [0x0000000080000000, 0x0000000100000000)
  region size 1024K, 13 young (13312K), 13 survivors (13312K)
 Metaspace       used 104337K, committed 105216K, reserved 1179648K
  class space    used 14495K, committed 14912K, reserved 1048576K
}
Event: 8.317 GC heap before
{Heap before GC invocations=37 (full 0):
 garbage-first heap   total 233472K, used 190833K [0x0000000080000000, 0x0000000100000000)
  region size 1024K, 76 young (77824K), 13 survivors (13312K)
 Metaspace       used 105042K, committed 105792K, reserved 1179648K
  class space    used 14547K, committed 14912K, reserved 1048576K
}
Event: 8.327 GC heap after
{Heap after GC invocations=38 (full 0):
 garbage-first heap   total 233472K, used 136954K [0x0000000080000000, 0x0000000100000000)
  region size 1024K, 10 young (10240K), 10 survivors (10240K)
 Metaspace       used 105042K, committed 105792K, reserved 1179648K
  class space    used 14547K, committed 14912K, reserved 1048576K
}
Event: 8.513 GC heap before
{Heap before GC invocations=38 (full 0):
 garbage-first heap   total 233472K, used 201466K [0x0000000080000000, 0x0000000100000000)
  region size 1024K, 57 young (58368K), 10 survivors (10240K)
 Metaspace       used 105756K, committed 106560K, reserved 1179648K
  class space    used 14603K, committed 14976K, reserved 1048576K
}
Event: 8.520 GC heap after
{Heap after GC invocations=39 (full 0):
 garbage-first heap   total 233472K, used 143541K [0x0000000080000000, 0x0000000100000000)
  region size 1024K, 5 young (5120K), 5 survivors (5120K)
 Metaspace       used 105756K, committed 106560K, reserved 1179648K
  class space    used 14603K, committed 14976K, reserved 1048576K
}
Event: 8.636 GC heap before
{Heap before GC invocations=39 (full 0):
 garbage-first heap   total 233472K, used 188597K [0x0000000080000000, 0x0000000100000000)
  region size 1024K, 50 young (51200K), 5 survivors (5120K)
 Metaspace       used 108753K, committed 109632K, reserved 1179648K
  class space    used 14904K, committed 15296K, reserved 1048576K
}

