# JRE version: OpenJDK Runtime Environment (17.0.11) (build 17.0.11+0--11852314)
# Java VM: OpenJDK 64-Bit Server VM (17.0.11+0--11852314, mixed mode, tiered, compressed oops, compressed class ptrs, g1 gc, windows-amd64)
GC Precious Log:
 CPUs: 12 total, 12 available
 Memory: 15773M
 Large Page Support: Disabled
 NUMA Support: Disabled
 Compressed Oops: Enabled (32-bit)
 Heap Region Size: 1M
 Heap Min Capacity: 8M
 Heap Initial Capacity: 248M
 Heap Max Capacity: 2G
 Pre-touch: Disabled
 Parallel Workers: 10
 Concurrent Workers: 3
 Concurrent Refinement Workers: 10
 Periodic GC: Disabled
Heap:
 garbage-first heap   total 201728K, used 78994K [0x0000000080000000, 0x0000000100000000)
  region size 1024K, 2 young (2048K), 2 survivors (2048K)
 Metaspace       used 75540K, committed 76160K, reserved 1179648K
  class space    used 10319K, committed 10624K, reserved 1048576K
GC Heap History (20 events):
Event: 3.810 GC heap after
{Heap after GC invocations=20 (full 0):
 garbage-first heap   total 109568K, used 63607K [0x0000000080000000, 0x0000000100000000)
  region size 1024K, 2 young (2048K), 2 survivors (2048K)
 Metaspace       used 58222K, committed 58816K, reserved 1114112K
  class space    used 8016K, committed 8320K, reserved 1048576K
}
Event: 3.817 GC heap before
{Heap before GC invocations=20 (full 0):
 garbage-first heap   total 109568K, used 65655K [0x0000000080000000, 0x0000000100000000)
  region size 1024K, 5 young (5120K), 2 survivors (2048K)
 Metaspace       used 58356K, committed 58944K, reserved 1114112K
  class space    used 8025K, committed 8320K, reserved 1048576K
}
Event: 3.818 GC heap after
{Heap after GC invocations=21 (full 0):
 garbage-first heap   total 132096K, used 63513K [0x0000000080000000, 0x0000000100000000)
  region size 1024K, 2 young (2048K), 2 survivors (2048K)
 Metaspace       used 58356K, committed 58944K, reserved 1114112K
  class space    used 8025K, committed 8320K, reserved 1048576K
}
Event: 3.992 GC heap before
{Heap before GC invocations=22 (full 0):
 garbage-first heap   total 132096K, used 93209K [0x0000000080000000, 0x0000000100000000)
  region size 1024K, 31 young (31744K), 2 survivors (2048K)
 Metaspace       used 60738K, committed 61312K, reserved 1114112K
  class space    used 8344K, committed 8640K, reserved 1048576K
}
Event: 3.994 GC heap after
{Heap after GC invocations=23 (full 0):
 garbage-first heap   total 132096K, used 65091K [0x0000000080000000, 0x0000000100000000)
  region size 1024K, 3 young (3072K), 3 survivors (3072K)
 Metaspace       used 60738K, committed 61312K, reserved 1114112K
  class space    used 8344K, committed 8640K, reserved 1048576K
}
Event: 4.014 GC heap before
{Heap before GC invocations=23 (full 0):
 garbage-first heap   total 132096K, used 67139K [0x0000000080000000, 0x0000000100000000)
  region size 1024K, 6 young (6144K), 3 survivors (3072K)
 Metaspace       used 60958K, committed 61504K, reserved 1114112K
  class space    used 8370K, committed 8640K, reserved 1048576K
}
Event: 4.015 GC heap after
{Heap after GC invocations=24 (full 0):
 garbage-first heap   total 132096K, used 64751K [0x0000000080000000, 0x0000000100000000)
  region size 1024K, 1 young (1024K), 1 survivors (1024K)
 Metaspace       used 60958K, committed 61504K, reserved 1114112K
  class space    used 8370K, committed 8640K, reserved 1048576K
}
Event: 4.215 GC heap before
{Heap before GC invocations=24 (full 0):
 garbage-first heap   total 132096K, used 96495K [0x0000000080000000, 0x0000000100000000)
  region size 1024K, 32 young (32768K), 1 survivors (1024K)
 Metaspace       used 64347K, committed 64896K, reserved 1114112K
  class space    used 8772K, committed 9024K, reserved 1048576K
}
Event: 4.216 GC heap after
{Heap after GC invocations=25 (full 0):
 garbage-first heap   total 132096K, used 65404K [0x0000000080000000, 0x0000000100000000)
  region size 1024K, 1 young (1024K), 1 survivors (1024K)
 Metaspace       used 64347K, committed 64896K, reserved 1114112K
  class space    used 8772K, committed 9024K, reserved 1048576K
}
Event: 4.424 GC heap before
{Heap before GC invocations=26 (full 0):
 garbage-first heap   total 132096K, used 104316K [0x0000000080000000, 0x0000000100000000)
  region size 1024K, 34 young (34816K), 1 survivors (1024K)
 Metaspace       used 67274K, committed 67840K, reserved 1114112K
  class space    used 9190K, committed 9472K, reserved 1048576K
}
Event: 4.427 GC heap after
{Heap after GC invocations=27 (full 0):
 garbage-first heap   total 132096K, used 70498K [0x0000000080000000, 0x0000000100000000)
  region size 1024K, 5 young (5120K), 5 survivors (5120K)
 Metaspace       used 67274K, committed 67840K, reserved 1114112K
  class space    used 9190K, committed 9472K, reserved 1048576K
}
Event: 4.432 GC heap before
{Heap before GC invocations=27 (full 0):
 garbage-first heap   total 132096K, used 71522K [0x0000000080000000, 0x0000000100000000)
  region size 1024K, 6 young (6144K), 5 survivors (5120K)
 Metaspace       used 67326K, committed 67904K, reserved 1114112K
  class space    used 9203K, committed 9536K, reserved 1048576K
}
Event: 4.434 GC heap after
{Heap after GC invocations=28 (full 0):
 garbage-first heap   total 132096K, used 70803K [0x0000000080000000, 0x0000000100000000)
  region size 1024K, 1 young (1024K), 1 survivors (1024K)
 Metaspace       used 67326K, committed 67904K, reserved 1114112K
  class space    used 9203K, committed 9536K, reserved 1048576K
}
Event: 4.616 GC heap before
{Heap before GC invocations=28 (full 0):
 garbage-first heap   total 132096K, used 101523K [0x0000000080000000, 0x0000000100000000)
  region size 1024K, 31 young (31744K), 1 survivors (1024K)
 Metaspace       used 69638K, committed 70272K, reserved 1114112K
  class space    used 9495K, committed 9792K, reserved 1048576K
}
Event: 4.618 GC heap after
{Heap after GC invocations=29 (full 0):
 garbage-first heap   total 132096K, used 71749K [0x0000000080000000, 0x0000000100000000)
  region size 1024K, 2 young (2048K), 2 survivors (2048K)
 Metaspace       used 69638K, committed 70272K, reserved 1114112K
  class space    used 9495K, committed 9792K, reserved 1048576K
}
Event: 4.853 GC heap before
{Heap before GC invocations=30 (full 0):
 garbage-first heap   total 132096K, used 104517K [0x0000000080000000, 0x0000000100000000)
  region size 1024K, 34 young (34816K), 2 survivors (2048K)
 Metaspace       used 72740K, committed 73408K, reserved 1114112K
  class space    used 9912K, committed 10240K, reserved 1048576K
}
Event: 4.855 GC heap after
{Heap after GC invocations=31 (full 0):
 garbage-first heap   total 132096K, used 73857K [0x0000000080000000, 0x0000000100000000)
  region size 1024K, 4 young (4096K), 4 survivors (4096K)
 Metaspace       used 72740K, committed 73408K, reserved 1114112K
  class space    used 9912K, committed 10240K, reserved 1048576K
}
Event: 4.873 GC heap before
{Heap before GC invocations=31 (full 0):
 garbage-first heap   total 132096K, used 80001K [0x0000000080000000, 0x0000000100000000)
  region size 1024K, 6 young (6144K), 4 survivors (4096K)
 Metaspace       used 72935K, committed 73536K, reserved 1114112K
  class space    used 9932K, committed 10240K, reserved 1048576K
}
Event: 4.876 GC heap after
{Heap after GC invocations=32 (full 0):
 garbage-first heap   total 132096K, used 78444K [0x0000000080000000, 0x0000000100000000)
  region size 1024K, 1 young (1024K), 1 survivors (1024K)
 Metaspace       used 72935K, committed 73536K, reserved 1114112K
  class space    used 9932K, committed 10240K, reserved 1048576K
}
Event: 5.053 GC heap before
{Heap before GC invocations=32 (full 0):
 garbage-first heap   total 132096K, used 107116K [0x0000000080000000, 0x0000000100000000)
  region size 1024K, 29 young (29696K), 1 survivors (1024K)
 Metaspace       used 75540K, committed 76160K, reserved 1179648K
  class space    used 10319K, committed 10624K, reserved 1048576K
}

